0 info it worked if it ends with ok
1 verbose cli [ '/usr/bin/node', '/usr/bin/npm', 'install' ]
2 info using npm@1.3.14
3 info using node@v0.10.22
4 verbose node symlink /usr/bin/node
5 warn package.json team-frontend@0.0.0 No repository field.
6 verbose readDependencies using package.json deps
7 verbose install where, deps [ '/opt/lampp/htdocs/team-frontend',
7 verbose install   [ 'grunt',
7 verbose install     'grunt-contrib-copy',
7 verbose install     'grunt-contrib-concat',
7 verbose install     'grunt-contrib-coffee',
7 verbose install     'grunt-contrib-uglify',
7 verbose install     'grunt-contrib-compass',
7 verbose install     'grunt-contrib-jshint',
7 verbose install     'grunt-contrib-cssmin',
7 verbose install     'grunt-contrib-connect',
7 verbose install     'grunt-contrib-clean',
7 verbose install     'grunt-contrib-htmlmin',
7 verbose install     'grunt-contrib-imagemin',
7 verbose install     'grunt-contrib-watch',
7 verbose install     'grunt-autoprefixer',
7 verbose install     'grunt-usemin',
7 verbose install     'grunt-svgmin',
7 verbose install     'grunt-rev',
7 verbose install     'grunt-concurrent',
7 verbose install     'load-grunt-tasks',
7 verbose install     'grunt-google-cdn',
7 verbose install     'grunt-ngmin',
7 verbose install     'time-grunt' ] ]
8 info preinstall team-frontend@0.0.0
9 verbose readDependencies using package.json deps
10 verbose cache add [ 'grunt@~0.4.1', null ]
11 verbose cache add name=undefined spec="grunt@~0.4.1" args=["grunt@~0.4.1",null]
12 verbose parsed url { protocol: null,
12 verbose parsed url   slashes: null,
12 verbose parsed url   auth: null,
12 verbose parsed url   host: null,
12 verbose parsed url   port: null,
12 verbose parsed url   hostname: null,
12 verbose parsed url   hash: null,
12 verbose parsed url   search: null,
12 verbose parsed url   query: null,
12 verbose parsed url   pathname: 'grunt@~0.4.1',
12 verbose parsed url   path: 'grunt@~0.4.1',
12 verbose parsed url   href: 'grunt@~0.4.1' }
13 verbose cache add name="grunt" spec="~0.4.1" args=["grunt","~0.4.1"]
14 verbose parsed url { protocol: null,
14 verbose parsed url   slashes: null,
14 verbose parsed url   auth: null,
14 verbose parsed url   host: null,
14 verbose parsed url   port: null,
14 verbose parsed url   hostname: null,
14 verbose parsed url   hash: null,
14 verbose parsed url   search: null,
14 verbose parsed url   query: null,
14 verbose parsed url   pathname: '~0.4.1',
14 verbose parsed url   path: '~0.4.1',
14 verbose parsed url   href: '~0.4.1' }
15 verbose addNamed [ 'grunt', '~0.4.1' ]
16 verbose addNamed [ null, '>=0.4.1-0 <0.5.0-0' ]
17 verbose cache add [ 'grunt-contrib-copy@~0.4.1', null ]
18 verbose cache add name=undefined spec="grunt-contrib-copy@~0.4.1" args=["grunt-contrib-copy@~0.4.1",null]
19 verbose parsed url { protocol: null,
19 verbose parsed url   slashes: null,
19 verbose parsed url   auth: null,
19 verbose parsed url   host: null,
19 verbose parsed url   port: null,
19 verbose parsed url   hostname: null,
19 verbose parsed url   hash: null,
19 verbose parsed url   search: null,
19 verbose parsed url   query: null,
19 verbose parsed url   pathname: 'grunt-contrib-copy@~0.4.1',
19 verbose parsed url   path: 'grunt-contrib-copy@~0.4.1',
19 verbose parsed url   href: 'grunt-contrib-copy@~0.4.1' }
20 verbose cache add name="grunt-contrib-copy" spec="~0.4.1" args=["grunt-contrib-copy","~0.4.1"]
21 verbose parsed url { protocol: null,
21 verbose parsed url   slashes: null,
21 verbose parsed url   auth: null,
21 verbose parsed url   host: null,
21 verbose parsed url   port: null,
21 verbose parsed url   hostname: null,
21 verbose parsed url   hash: null,
21 verbose parsed url   search: null,
21 verbose parsed url   query: null,
21 verbose parsed url   pathname: '~0.4.1',
21 verbose parsed url   path: '~0.4.1',
21 verbose parsed url   href: '~0.4.1' }
22 verbose addNamed [ 'grunt-contrib-copy', '~0.4.1' ]
23 verbose addNamed [ null, '>=0.4.1-0 <0.5.0-0' ]
24 silly lockFile 766a3bd3-grunt-0-4-1 grunt@~0.4.1
25 verbose lock grunt@~0.4.1 /home/seba-1511/.npm/766a3bd3-grunt-0-4-1.lock
26 silly lockFile c84f658a-grunt-contrib-copy-0-4-1 grunt-contrib-copy@~0.4.1
27 verbose lock grunt-contrib-copy@~0.4.1 /home/seba-1511/.npm/c84f658a-grunt-contrib-copy-0-4-1.lock
28 verbose cache add [ 'grunt-contrib-uglify@~0.2.0', null ]
29 verbose cache add name=undefined spec="grunt-contrib-uglify@~0.2.0" args=["grunt-contrib-uglify@~0.2.0",null]
30 verbose parsed url { protocol: null,
30 verbose parsed url   slashes: null,
30 verbose parsed url   auth: null,
30 verbose parsed url   host: null,
30 verbose parsed url   port: null,
30 verbose parsed url   hostname: null,
30 verbose parsed url   hash: null,
30 verbose parsed url   search: null,
30 verbose parsed url   query: null,
30 verbose parsed url   pathname: 'grunt-contrib-uglify@~0.2.0',
30 verbose parsed url   path: 'grunt-contrib-uglify@~0.2.0',
30 verbose parsed url   href: 'grunt-contrib-uglify@~0.2.0' }
31 verbose cache add name="grunt-contrib-uglify" spec="~0.2.0" args=["grunt-contrib-uglify","~0.2.0"]
32 verbose parsed url { protocol: null,
32 verbose parsed url   slashes: null,
32 verbose parsed url   auth: null,
32 verbose parsed url   host: null,
32 verbose parsed url   port: null,
32 verbose parsed url   hostname: null,
32 verbose parsed url   hash: null,
32 verbose parsed url   search: null,
32 verbose parsed url   query: null,
32 verbose parsed url   pathname: '~0.2.0',
32 verbose parsed url   path: '~0.2.0',
32 verbose parsed url   href: '~0.2.0' }
33 verbose addNamed [ 'grunt-contrib-uglify', '~0.2.0' ]
34 verbose addNamed [ null, '>=0.2.0-0 <0.3.0-0' ]
35 silly lockFile 2cc6dac2-grunt-contrib-uglify-0-2-0 grunt-contrib-uglify@~0.2.0
36 verbose lock grunt-contrib-uglify@~0.2.0 /home/seba-1511/.npm/2cc6dac2-grunt-contrib-uglify-0-2-0.lock
37 verbose cache add [ 'grunt-contrib-concat@~0.3.0', null ]
38 verbose cache add name=undefined spec="grunt-contrib-concat@~0.3.0" args=["grunt-contrib-concat@~0.3.0",null]
39 verbose parsed url { protocol: null,
39 verbose parsed url   slashes: null,
39 verbose parsed url   auth: null,
39 verbose parsed url   host: null,
39 verbose parsed url   port: null,
39 verbose parsed url   hostname: null,
39 verbose parsed url   hash: null,
39 verbose parsed url   search: null,
39 verbose parsed url   query: null,
39 verbose parsed url   pathname: 'grunt-contrib-concat@~0.3.0',
39 verbose parsed url   path: 'grunt-contrib-concat@~0.3.0',
39 verbose parsed url   href: 'grunt-contrib-concat@~0.3.0' }
40 verbose cache add name="grunt-contrib-concat" spec="~0.3.0" args=["grunt-contrib-concat","~0.3.0"]
41 verbose parsed url { protocol: null,
41 verbose parsed url   slashes: null,
41 verbose parsed url   auth: null,
41 verbose parsed url   host: null,
41 verbose parsed url   port: null,
41 verbose parsed url   hostname: null,
41 verbose parsed url   hash: null,
41 verbose parsed url   search: null,
41 verbose parsed url   query: null,
41 verbose parsed url   pathname: '~0.3.0',
41 verbose parsed url   path: '~0.3.0',
41 verbose parsed url   href: '~0.3.0' }
42 verbose addNamed [ 'grunt-contrib-concat', '~0.3.0' ]
43 verbose addNamed [ null, '>=0.3.0-0 <0.4.0-0' ]
44 silly lockFile 0e44e68e-grunt-contrib-concat-0-3-0 grunt-contrib-concat@~0.3.0
45 verbose lock grunt-contrib-concat@~0.3.0 /home/seba-1511/.npm/0e44e68e-grunt-contrib-concat-0-3-0.lock
46 verbose cache add [ 'grunt-contrib-compass@~0.5.0', null ]
47 verbose cache add name=undefined spec="grunt-contrib-compass@~0.5.0" args=["grunt-contrib-compass@~0.5.0",null]
48 verbose parsed url { protocol: null,
48 verbose parsed url   slashes: null,
48 verbose parsed url   auth: null,
48 verbose parsed url   host: null,
48 verbose parsed url   port: null,
48 verbose parsed url   hostname: null,
48 verbose parsed url   hash: null,
48 verbose parsed url   search: null,
48 verbose parsed url   query: null,
48 verbose parsed url   pathname: 'grunt-contrib-compass@~0.5.0',
48 verbose parsed url   path: 'grunt-contrib-compass@~0.5.0',
48 verbose parsed url   href: 'grunt-contrib-compass@~0.5.0' }
49 verbose cache add name="grunt-contrib-compass" spec="~0.5.0" args=["grunt-contrib-compass","~0.5.0"]
50 verbose parsed url { protocol: null,
50 verbose parsed url   slashes: null,
50 verbose parsed url   auth: null,
50 verbose parsed url   host: null,
50 verbose parsed url   port: null,
50 verbose parsed url   hostname: null,
50 verbose parsed url   hash: null,
50 verbose parsed url   search: null,
50 verbose parsed url   query: null,
50 verbose parsed url   pathname: '~0.5.0',
50 verbose parsed url   path: '~0.5.0',
50 verbose parsed url   href: '~0.5.0' }
51 verbose addNamed [ 'grunt-contrib-compass', '~0.5.0' ]
52 verbose addNamed [ null, '>=0.5.0-0 <0.6.0-0' ]
53 silly lockFile 5f76fad9-grunt-contrib-compass-0-5-0 grunt-contrib-compass@~0.5.0
54 verbose lock grunt-contrib-compass@~0.5.0 /home/seba-1511/.npm/5f76fad9-grunt-contrib-compass-0-5-0.lock
55 verbose cache add [ 'grunt-contrib-coffee@~0.7.0', null ]
56 verbose cache add name=undefined spec="grunt-contrib-coffee@~0.7.0" args=["grunt-contrib-coffee@~0.7.0",null]
57 verbose parsed url { protocol: null,
57 verbose parsed url   slashes: null,
57 verbose parsed url   auth: null,
57 verbose parsed url   host: null,
57 verbose parsed url   port: null,
57 verbose parsed url   hostname: null,
57 verbose parsed url   hash: null,
57 verbose parsed url   search: null,
57 verbose parsed url   query: null,
57 verbose parsed url   pathname: 'grunt-contrib-coffee@~0.7.0',
57 verbose parsed url   path: 'grunt-contrib-coffee@~0.7.0',
57 verbose parsed url   href: 'grunt-contrib-coffee@~0.7.0' }
58 verbose cache add name="grunt-contrib-coffee" spec="~0.7.0" args=["grunt-contrib-coffee","~0.7.0"]
59 verbose parsed url { protocol: null,
59 verbose parsed url   slashes: null,
59 verbose parsed url   auth: null,
59 verbose parsed url   host: null,
59 verbose parsed url   port: null,
59 verbose parsed url   hostname: null,
59 verbose parsed url   hash: null,
59 verbose parsed url   search: null,
59 verbose parsed url   query: null,
59 verbose parsed url   pathname: '~0.7.0',
59 verbose parsed url   path: '~0.7.0',
59 verbose parsed url   href: '~0.7.0' }
60 verbose addNamed [ 'grunt-contrib-coffee', '~0.7.0' ]
61 verbose addNamed [ null, '>=0.7.0-0 <0.8.0-0' ]
62 silly lockFile 2d9311bb-grunt-contrib-coffee-0-7-0 grunt-contrib-coffee@~0.7.0
63 verbose lock grunt-contrib-coffee@~0.7.0 /home/seba-1511/.npm/2d9311bb-grunt-contrib-coffee-0-7-0.lock
64 verbose cache add [ 'grunt-contrib-jshint@~0.6.0', null ]
65 verbose cache add name=undefined spec="grunt-contrib-jshint@~0.6.0" args=["grunt-contrib-jshint@~0.6.0",null]
66 verbose parsed url { protocol: null,
66 verbose parsed url   slashes: null,
66 verbose parsed url   auth: null,
66 verbose parsed url   host: null,
66 verbose parsed url   port: null,
66 verbose parsed url   hostname: null,
66 verbose parsed url   hash: null,
66 verbose parsed url   search: null,
66 verbose parsed url   query: null,
66 verbose parsed url   pathname: 'grunt-contrib-jshint@~0.6.0',
66 verbose parsed url   path: 'grunt-contrib-jshint@~0.6.0',
66 verbose parsed url   href: 'grunt-contrib-jshint@~0.6.0' }
67 verbose cache add name="grunt-contrib-jshint" spec="~0.6.0" args=["grunt-contrib-jshint","~0.6.0"]
68 verbose parsed url { protocol: null,
68 verbose parsed url   slashes: null,
68 verbose parsed url   auth: null,
68 verbose parsed url   host: null,
68 verbose parsed url   port: null,
68 verbose parsed url   hostname: null,
68 verbose parsed url   hash: null,
68 verbose parsed url   search: null,
68 verbose parsed url   query: null,
68 verbose parsed url   pathname: '~0.6.0',
68 verbose parsed url   path: '~0.6.0',
68 verbose parsed url   href: '~0.6.0' }
69 verbose addNamed [ 'grunt-contrib-jshint', '~0.6.0' ]
70 verbose addNamed [ null, '>=0.6.0-0 <0.7.0-0' ]
71 silly lockFile 86a9e453-grunt-contrib-jshint-0-6-0 grunt-contrib-jshint@~0.6.0
72 verbose lock grunt-contrib-jshint@~0.6.0 /home/seba-1511/.npm/86a9e453-grunt-contrib-jshint-0-6-0.lock
73 verbose cache add [ 'grunt-contrib-cssmin@~0.6.0', null ]
74 verbose cache add name=undefined spec="grunt-contrib-cssmin@~0.6.0" args=["grunt-contrib-cssmin@~0.6.0",null]
75 verbose parsed url { protocol: null,
75 verbose parsed url   slashes: null,
75 verbose parsed url   auth: null,
75 verbose parsed url   host: null,
75 verbose parsed url   port: null,
75 verbose parsed url   hostname: null,
75 verbose parsed url   hash: null,
75 verbose parsed url   search: null,
75 verbose parsed url   query: null,
75 verbose parsed url   pathname: 'grunt-contrib-cssmin@~0.6.0',
75 verbose parsed url   path: 'grunt-contrib-cssmin@~0.6.0',
75 verbose parsed url   href: 'grunt-contrib-cssmin@~0.6.0' }
76 verbose cache add name="grunt-contrib-cssmin" spec="~0.6.0" args=["grunt-contrib-cssmin","~0.6.0"]
77 verbose parsed url { protocol: null,
77 verbose parsed url   slashes: null,
77 verbose parsed url   auth: null,
77 verbose parsed url   host: null,
77 verbose parsed url   port: null,
77 verbose parsed url   hostname: null,
77 verbose parsed url   hash: null,
77 verbose parsed url   search: null,
77 verbose parsed url   query: null,
77 verbose parsed url   pathname: '~0.6.0',
77 verbose parsed url   path: '~0.6.0',
77 verbose parsed url   href: '~0.6.0' }
78 verbose addNamed [ 'grunt-contrib-cssmin', '~0.6.0' ]
79 verbose addNamed [ null, '>=0.6.0-0 <0.7.0-0' ]
80 silly lockFile 681ad0ec-grunt-contrib-cssmin-0-6-0 grunt-contrib-cssmin@~0.6.0
81 verbose lock grunt-contrib-cssmin@~0.6.0 /home/seba-1511/.npm/681ad0ec-grunt-contrib-cssmin-0-6-0.lock
82 verbose cache add [ 'grunt-contrib-connect@~0.5.0', null ]
83 verbose cache add name=undefined spec="grunt-contrib-connect@~0.5.0" args=["grunt-contrib-connect@~0.5.0",null]
84 verbose parsed url { protocol: null,
84 verbose parsed url   slashes: null,
84 verbose parsed url   auth: null,
84 verbose parsed url   host: null,
84 verbose parsed url   port: null,
84 verbose parsed url   hostname: null,
84 verbose parsed url   hash: null,
84 verbose parsed url   search: null,
84 verbose parsed url   query: null,
84 verbose parsed url   pathname: 'grunt-contrib-connect@~0.5.0',
84 verbose parsed url   path: 'grunt-contrib-connect@~0.5.0',
84 verbose parsed url   href: 'grunt-contrib-connect@~0.5.0' }
85 verbose cache add name="grunt-contrib-connect" spec="~0.5.0" args=["grunt-contrib-connect","~0.5.0"]
86 verbose parsed url { protocol: null,
86 verbose parsed url   slashes: null,
86 verbose parsed url   auth: null,
86 verbose parsed url   host: null,
86 verbose parsed url   port: null,
86 verbose parsed url   hostname: null,
86 verbose parsed url   hash: null,
86 verbose parsed url   search: null,
86 verbose parsed url   query: null,
86 verbose parsed url   pathname: '~0.5.0',
86 verbose parsed url   path: '~0.5.0',
86 verbose parsed url   href: '~0.5.0' }
87 verbose addNamed [ 'grunt-contrib-connect', '~0.5.0' ]
88 verbose addNamed [ null, '>=0.5.0-0 <0.6.0-0' ]
89 silly lockFile bc7bae3b-grunt-contrib-connect-0-5-0 grunt-contrib-connect@~0.5.0
90 verbose lock grunt-contrib-connect@~0.5.0 /home/seba-1511/.npm/bc7bae3b-grunt-contrib-connect-0-5-0.lock
91 verbose cache add [ 'grunt-contrib-clean@~0.5.0', null ]
92 verbose cache add name=undefined spec="grunt-contrib-clean@~0.5.0" args=["grunt-contrib-clean@~0.5.0",null]
93 verbose parsed url { protocol: null,
93 verbose parsed url   slashes: null,
93 verbose parsed url   auth: null,
93 verbose parsed url   host: null,
93 verbose parsed url   port: null,
93 verbose parsed url   hostname: null,
93 verbose parsed url   hash: null,
93 verbose parsed url   search: null,
93 verbose parsed url   query: null,
93 verbose parsed url   pathname: 'grunt-contrib-clean@~0.5.0',
93 verbose parsed url   path: 'grunt-contrib-clean@~0.5.0',
93 verbose parsed url   href: 'grunt-contrib-clean@~0.5.0' }
94 verbose cache add name="grunt-contrib-clean" spec="~0.5.0" args=["grunt-contrib-clean","~0.5.0"]
95 verbose parsed url { protocol: null,
95 verbose parsed url   slashes: null,
95 verbose parsed url   auth: null,
95 verbose parsed url   host: null,
95 verbose parsed url   port: null,
95 verbose parsed url   hostname: null,
95 verbose parsed url   hash: null,
95 verbose parsed url   search: null,
95 verbose parsed url   query: null,
95 verbose parsed url   pathname: '~0.5.0',
95 verbose parsed url   path: '~0.5.0',
95 verbose parsed url   href: '~0.5.0' }
96 verbose addNamed [ 'grunt-contrib-clean', '~0.5.0' ]
97 verbose addNamed [ null, '>=0.5.0-0 <0.6.0-0' ]
98 silly lockFile 83f743bc-grunt-contrib-clean-0-5-0 grunt-contrib-clean@~0.5.0
99 verbose lock grunt-contrib-clean@~0.5.0 /home/seba-1511/.npm/83f743bc-grunt-contrib-clean-0-5-0.lock
100 verbose cache add [ 'grunt-contrib-htmlmin@~0.1.3', null ]
101 verbose cache add name=undefined spec="grunt-contrib-htmlmin@~0.1.3" args=["grunt-contrib-htmlmin@~0.1.3",null]
102 verbose parsed url { protocol: null,
102 verbose parsed url   slashes: null,
102 verbose parsed url   auth: null,
102 verbose parsed url   host: null,
102 verbose parsed url   port: null,
102 verbose parsed url   hostname: null,
102 verbose parsed url   hash: null,
102 verbose parsed url   search: null,
102 verbose parsed url   query: null,
102 verbose parsed url   pathname: 'grunt-contrib-htmlmin@~0.1.3',
102 verbose parsed url   path: 'grunt-contrib-htmlmin@~0.1.3',
102 verbose parsed url   href: 'grunt-contrib-htmlmin@~0.1.3' }
103 verbose cache add name="grunt-contrib-htmlmin" spec="~0.1.3" args=["grunt-contrib-htmlmin","~0.1.3"]
104 verbose parsed url { protocol: null,
104 verbose parsed url   slashes: null,
104 verbose parsed url   auth: null,
104 verbose parsed url   host: null,
104 verbose parsed url   port: null,
104 verbose parsed url   hostname: null,
104 verbose parsed url   hash: null,
104 verbose parsed url   search: null,
104 verbose parsed url   query: null,
104 verbose parsed url   pathname: '~0.1.3',
104 verbose parsed url   path: '~0.1.3',
104 verbose parsed url   href: '~0.1.3' }
105 verbose addNamed [ 'grunt-contrib-htmlmin', '~0.1.3' ]
106 verbose addNamed [ null, '>=0.1.3-0 <0.2.0-0' ]
107 silly lockFile 2f1223f9-grunt-contrib-htmlmin-0-1-3 grunt-contrib-htmlmin@~0.1.3
108 verbose lock grunt-contrib-htmlmin@~0.1.3 /home/seba-1511/.npm/2f1223f9-grunt-contrib-htmlmin-0-1-3.lock
109 verbose cache add [ 'grunt-contrib-imagemin@~0.2.0', null ]
110 verbose cache add name=undefined spec="grunt-contrib-imagemin@~0.2.0" args=["grunt-contrib-imagemin@~0.2.0",null]
111 verbose parsed url { protocol: null,
111 verbose parsed url   slashes: null,
111 verbose parsed url   auth: null,
111 verbose parsed url   host: null,
111 verbose parsed url   port: null,
111 verbose parsed url   hostname: null,
111 verbose parsed url   hash: null,
111 verbose parsed url   search: null,
111 verbose parsed url   query: null,
111 verbose parsed url   pathname: 'grunt-contrib-imagemin@~0.2.0',
111 verbose parsed url   path: 'grunt-contrib-imagemin@~0.2.0',
111 verbose parsed url   href: 'grunt-contrib-imagemin@~0.2.0' }
112 verbose cache add name="grunt-contrib-imagemin" spec="~0.2.0" args=["grunt-contrib-imagemin","~0.2.0"]
113 verbose parsed url { protocol: null,
113 verbose parsed url   slashes: null,
113 verbose parsed url   auth: null,
113 verbose parsed url   host: null,
113 verbose parsed url   port: null,
113 verbose parsed url   hostname: null,
113 verbose parsed url   hash: null,
113 verbose parsed url   search: null,
113 verbose parsed url   query: null,
113 verbose parsed url   pathname: '~0.2.0',
113 verbose parsed url   path: '~0.2.0',
113 verbose parsed url   href: '~0.2.0' }
114 verbose addNamed [ 'grunt-contrib-imagemin', '~0.2.0' ]
115 verbose addNamed [ null, '>=0.2.0-0 <0.3.0-0' ]
116 silly lockFile 65f7368c-grunt-contrib-imagemin-0-2-0 grunt-contrib-imagemin@~0.2.0
117 verbose lock grunt-contrib-imagemin@~0.2.0 /home/seba-1511/.npm/65f7368c-grunt-contrib-imagemin-0-2-0.lock
118 verbose cache add [ 'grunt-contrib-watch@~0.5.2', null ]
119 verbose cache add name=undefined spec="grunt-contrib-watch@~0.5.2" args=["grunt-contrib-watch@~0.5.2",null]
120 verbose parsed url { protocol: null,
120 verbose parsed url   slashes: null,
120 verbose parsed url   auth: null,
120 verbose parsed url   host: null,
120 verbose parsed url   port: null,
120 verbose parsed url   hostname: null,
120 verbose parsed url   hash: null,
120 verbose parsed url   search: null,
120 verbose parsed url   query: null,
120 verbose parsed url   pathname: 'grunt-contrib-watch@~0.5.2',
120 verbose parsed url   path: 'grunt-contrib-watch@~0.5.2',
120 verbose parsed url   href: 'grunt-contrib-watch@~0.5.2' }
121 verbose cache add name="grunt-contrib-watch" spec="~0.5.2" args=["grunt-contrib-watch","~0.5.2"]
122 verbose parsed url { protocol: null,
122 verbose parsed url   slashes: null,
122 verbose parsed url   auth: null,
122 verbose parsed url   host: null,
122 verbose parsed url   port: null,
122 verbose parsed url   hostname: null,
122 verbose parsed url   hash: null,
122 verbose parsed url   search: null,
122 verbose parsed url   query: null,
122 verbose parsed url   pathname: '~0.5.2',
122 verbose parsed url   path: '~0.5.2',
122 verbose parsed url   href: '~0.5.2' }
123 verbose addNamed [ 'grunt-contrib-watch', '~0.5.2' ]
124 verbose addNamed [ null, '>=0.5.2-0 <0.6.0-0' ]
125 silly lockFile a6069a13-grunt-contrib-watch-0-5-2 grunt-contrib-watch@~0.5.2
126 verbose lock grunt-contrib-watch@~0.5.2 /home/seba-1511/.npm/a6069a13-grunt-contrib-watch-0-5-2.lock
127 verbose cache add [ 'grunt-autoprefixer@~0.2.0', null ]
128 verbose cache add name=undefined spec="grunt-autoprefixer@~0.2.0" args=["grunt-autoprefixer@~0.2.0",null]
129 verbose parsed url { protocol: null,
129 verbose parsed url   slashes: null,
129 verbose parsed url   auth: null,
129 verbose parsed url   host: null,
129 verbose parsed url   port: null,
129 verbose parsed url   hostname: null,
129 verbose parsed url   hash: null,
129 verbose parsed url   search: null,
129 verbose parsed url   query: null,
129 verbose parsed url   pathname: 'grunt-autoprefixer@~0.2.0',
129 verbose parsed url   path: 'grunt-autoprefixer@~0.2.0',
129 verbose parsed url   href: 'grunt-autoprefixer@~0.2.0' }
130 verbose cache add name="grunt-autoprefixer" spec="~0.2.0" args=["grunt-autoprefixer","~0.2.0"]
131 verbose parsed url { protocol: null,
131 verbose parsed url   slashes: null,
131 verbose parsed url   auth: null,
131 verbose parsed url   host: null,
131 verbose parsed url   port: null,
131 verbose parsed url   hostname: null,
131 verbose parsed url   hash: null,
131 verbose parsed url   search: null,
131 verbose parsed url   query: null,
131 verbose parsed url   pathname: '~0.2.0',
131 verbose parsed url   path: '~0.2.0',
131 verbose parsed url   href: '~0.2.0' }
132 verbose addNamed [ 'grunt-autoprefixer', '~0.2.0' ]
133 verbose addNamed [ null, '>=0.2.0-0 <0.3.0-0' ]
134 silly lockFile 312b1bea-grunt-autoprefixer-0-2-0 grunt-autoprefixer@~0.2.0
135 verbose lock grunt-autoprefixer@~0.2.0 /home/seba-1511/.npm/312b1bea-grunt-autoprefixer-0-2-0.lock
136 silly addNameRange { name: 'grunt', range: '>=0.4.1-0 <0.5.0-0', hasData: false }
137 silly addNameRange { name: 'grunt-contrib-copy',
137 silly addNameRange   range: '>=0.4.1-0 <0.5.0-0',
137 silly addNameRange   hasData: false }
138 silly addNameRange { name: 'grunt-contrib-uglify',
138 silly addNameRange   range: '>=0.2.0-0 <0.3.0-0',
138 silly addNameRange   hasData: false }
139 silly addNameRange { name: 'grunt-contrib-concat',
139 silly addNameRange   range: '>=0.3.0-0 <0.4.0-0',
139 silly addNameRange   hasData: false }
140 silly addNameRange { name: 'grunt-contrib-compass',
140 silly addNameRange   range: '>=0.5.0-0 <0.6.0-0',
140 silly addNameRange   hasData: false }
141 silly addNameRange { name: 'grunt-contrib-coffee',
141 silly addNameRange   range: '>=0.7.0-0 <0.8.0-0',
141 silly addNameRange   hasData: false }
142 silly addNameRange { name: 'grunt-contrib-jshint',
142 silly addNameRange   range: '>=0.6.0-0 <0.7.0-0',
142 silly addNameRange   hasData: false }
143 verbose cache add [ 'grunt-usemin@~0.1.11', null ]
144 verbose cache add name=undefined spec="grunt-usemin@~0.1.11" args=["grunt-usemin@~0.1.11",null]
145 verbose parsed url { protocol: null,
145 verbose parsed url   slashes: null,
145 verbose parsed url   auth: null,
145 verbose parsed url   host: null,
145 verbose parsed url   port: null,
145 verbose parsed url   hostname: null,
145 verbose parsed url   hash: null,
145 verbose parsed url   search: null,
145 verbose parsed url   query: null,
145 verbose parsed url   pathname: 'grunt-usemin@~0.1.11',
145 verbose parsed url   path: 'grunt-usemin@~0.1.11',
145 verbose parsed url   href: 'grunt-usemin@~0.1.11' }
146 verbose cache add name="grunt-usemin" spec="~0.1.11" args=["grunt-usemin","~0.1.11"]
147 verbose parsed url { protocol: null,
147 verbose parsed url   slashes: null,
147 verbose parsed url   auth: null,
147 verbose parsed url   host: null,
147 verbose parsed url   port: null,
147 verbose parsed url   hostname: null,
147 verbose parsed url   hash: null,
147 verbose parsed url   search: null,
147 verbose parsed url   query: null,
147 verbose parsed url   pathname: '~0.1.11',
147 verbose parsed url   path: '~0.1.11',
147 verbose parsed url   href: '~0.1.11' }
148 verbose addNamed [ 'grunt-usemin', '~0.1.11' ]
149 verbose addNamed [ null, '>=0.1.11-0 <0.2.0-0' ]
150 silly lockFile 55260cee-grunt-usemin-0-1-11 grunt-usemin@~0.1.11
151 verbose lock grunt-usemin@~0.1.11 /home/seba-1511/.npm/55260cee-grunt-usemin-0-1-11.lock
152 verbose cache add [ 'grunt-svgmin@~0.2.0', null ]
153 verbose cache add name=undefined spec="grunt-svgmin@~0.2.0" args=["grunt-svgmin@~0.2.0",null]
154 verbose parsed url { protocol: null,
154 verbose parsed url   slashes: null,
154 verbose parsed url   auth: null,
154 verbose parsed url   host: null,
154 verbose parsed url   port: null,
154 verbose parsed url   hostname: null,
154 verbose parsed url   hash: null,
154 verbose parsed url   search: null,
154 verbose parsed url   query: null,
154 verbose parsed url   pathname: 'grunt-svgmin@~0.2.0',
154 verbose parsed url   path: 'grunt-svgmin@~0.2.0',
154 verbose parsed url   href: 'grunt-svgmin@~0.2.0' }
155 verbose cache add name="grunt-svgmin" spec="~0.2.0" args=["grunt-svgmin","~0.2.0"]
156 verbose parsed url { protocol: null,
156 verbose parsed url   slashes: null,
156 verbose parsed url   auth: null,
156 verbose parsed url   host: null,
156 verbose parsed url   port: null,
156 verbose parsed url   hostname: null,
156 verbose parsed url   hash: null,
156 verbose parsed url   search: null,
156 verbose parsed url   query: null,
156 verbose parsed url   pathname: '~0.2.0',
156 verbose parsed url   path: '~0.2.0',
156 verbose parsed url   href: '~0.2.0' }
157 verbose addNamed [ 'grunt-svgmin', '~0.2.0' ]
158 verbose addNamed [ null, '>=0.2.0-0 <0.3.0-0' ]
159 silly lockFile fefef466-grunt-svgmin-0-2-0 grunt-svgmin@~0.2.0
160 verbose lock grunt-svgmin@~0.2.0 /home/seba-1511/.npm/fefef466-grunt-svgmin-0-2-0.lock
161 verbose cache add [ 'grunt-rev@~0.1.0', null ]
162 verbose cache add name=undefined spec="grunt-rev@~0.1.0" args=["grunt-rev@~0.1.0",null]
163 verbose parsed url { protocol: null,
163 verbose parsed url   slashes: null,
163 verbose parsed url   auth: null,
163 verbose parsed url   host: null,
163 verbose parsed url   port: null,
163 verbose parsed url   hostname: null,
163 verbose parsed url   hash: null,
163 verbose parsed url   search: null,
163 verbose parsed url   query: null,
163 verbose parsed url   pathname: 'grunt-rev@~0.1.0',
163 verbose parsed url   path: 'grunt-rev@~0.1.0',
163 verbose parsed url   href: 'grunt-rev@~0.1.0' }
164 verbose cache add name="grunt-rev" spec="~0.1.0" args=["grunt-rev","~0.1.0"]
165 verbose parsed url { protocol: null,
165 verbose parsed url   slashes: null,
165 verbose parsed url   auth: null,
165 verbose parsed url   host: null,
165 verbose parsed url   port: null,
165 verbose parsed url   hostname: null,
165 verbose parsed url   hash: null,
165 verbose parsed url   search: null,
165 verbose parsed url   query: null,
165 verbose parsed url   pathname: '~0.1.0',
165 verbose parsed url   path: '~0.1.0',
165 verbose parsed url   href: '~0.1.0' }
166 verbose addNamed [ 'grunt-rev', '~0.1.0' ]
167 verbose addNamed [ null, '>=0.1.0-0 <0.2.0-0' ]
168 silly lockFile a3a49760-grunt-rev-0-1-0 grunt-rev@~0.1.0
169 verbose lock grunt-rev@~0.1.0 /home/seba-1511/.npm/a3a49760-grunt-rev-0-1-0.lock
170 verbose cache add [ 'grunt-concurrent@~0.3.0', null ]
171 verbose cache add name=undefined spec="grunt-concurrent@~0.3.0" args=["grunt-concurrent@~0.3.0",null]
172 verbose parsed url { protocol: null,
172 verbose parsed url   slashes: null,
172 verbose parsed url   auth: null,
172 verbose parsed url   host: null,
172 verbose parsed url   port: null,
172 verbose parsed url   hostname: null,
172 verbose parsed url   hash: null,
172 verbose parsed url   search: null,
172 verbose parsed url   query: null,
172 verbose parsed url   pathname: 'grunt-concurrent@~0.3.0',
172 verbose parsed url   path: 'grunt-concurrent@~0.3.0',
172 verbose parsed url   href: 'grunt-concurrent@~0.3.0' }
173 verbose cache add name="grunt-concurrent" spec="~0.3.0" args=["grunt-concurrent","~0.3.0"]
174 verbose parsed url { protocol: null,
174 verbose parsed url   slashes: null,
174 verbose parsed url   auth: null,
174 verbose parsed url   host: null,
174 verbose parsed url   port: null,
174 verbose parsed url   hostname: null,
174 verbose parsed url   hash: null,
174 verbose parsed url   search: null,
174 verbose parsed url   query: null,
174 verbose parsed url   pathname: '~0.3.0',
174 verbose parsed url   path: '~0.3.0',
174 verbose parsed url   href: '~0.3.0' }
175 verbose addNamed [ 'grunt-concurrent', '~0.3.0' ]
176 verbose addNamed [ null, '>=0.3.0-0 <0.4.0-0' ]
177 silly lockFile 339cc45a-grunt-concurrent-0-3-0 grunt-concurrent@~0.3.0
178 verbose lock grunt-concurrent@~0.3.0 /home/seba-1511/.npm/339cc45a-grunt-concurrent-0-3-0.lock
179 verbose cache add [ 'load-grunt-tasks@~0.1.0', null ]
180 verbose cache add name=undefined spec="load-grunt-tasks@~0.1.0" args=["load-grunt-tasks@~0.1.0",null]
181 verbose parsed url { protocol: null,
181 verbose parsed url   slashes: null,
181 verbose parsed url   auth: null,
181 verbose parsed url   host: null,
181 verbose parsed url   port: null,
181 verbose parsed url   hostname: null,
181 verbose parsed url   hash: null,
181 verbose parsed url   search: null,
181 verbose parsed url   query: null,
181 verbose parsed url   pathname: 'load-grunt-tasks@~0.1.0',
181 verbose parsed url   path: 'load-grunt-tasks@~0.1.0',
181 verbose parsed url   href: 'load-grunt-tasks@~0.1.0' }
182 verbose cache add name="load-grunt-tasks" spec="~0.1.0" args=["load-grunt-tasks","~0.1.0"]
183 verbose parsed url { protocol: null,
183 verbose parsed url   slashes: null,
183 verbose parsed url   auth: null,
183 verbose parsed url   host: null,
183 verbose parsed url   port: null,
183 verbose parsed url   hostname: null,
183 verbose parsed url   hash: null,
183 verbose parsed url   search: null,
183 verbose parsed url   query: null,
183 verbose parsed url   pathname: '~0.1.0',
183 verbose parsed url   path: '~0.1.0',
183 verbose parsed url   href: '~0.1.0' }
184 verbose addNamed [ 'load-grunt-tasks', '~0.1.0' ]
185 verbose addNamed [ null, '>=0.1.0-0 <0.2.0-0' ]
186 silly lockFile b165efd2-load-grunt-tasks-0-1-0 load-grunt-tasks@~0.1.0
187 verbose lock load-grunt-tasks@~0.1.0 /home/seba-1511/.npm/b165efd2-load-grunt-tasks-0-1-0.lock
188 verbose cache add [ 'grunt-google-cdn@~0.2.0', null ]
189 verbose cache add name=undefined spec="grunt-google-cdn@~0.2.0" args=["grunt-google-cdn@~0.2.0",null]
190 verbose parsed url { protocol: null,
190 verbose parsed url   slashes: null,
190 verbose parsed url   auth: null,
190 verbose parsed url   host: null,
190 verbose parsed url   port: null,
190 verbose parsed url   hostname: null,
190 verbose parsed url   hash: null,
190 verbose parsed url   search: null,
190 verbose parsed url   query: null,
190 verbose parsed url   pathname: 'grunt-google-cdn@~0.2.0',
190 verbose parsed url   path: 'grunt-google-cdn@~0.2.0',
190 verbose parsed url   href: 'grunt-google-cdn@~0.2.0' }
191 verbose cache add name="grunt-google-cdn" spec="~0.2.0" args=["grunt-google-cdn","~0.2.0"]
192 verbose parsed url { protocol: null,
192 verbose parsed url   slashes: null,
192 verbose parsed url   auth: null,
192 verbose parsed url   host: null,
192 verbose parsed url   port: null,
192 verbose parsed url   hostname: null,
192 verbose parsed url   hash: null,
192 verbose parsed url   search: null,
192 verbose parsed url   query: null,
192 verbose parsed url   pathname: '~0.2.0',
192 verbose parsed url   path: '~0.2.0',
192 verbose parsed url   href: '~0.2.0' }
193 verbose addNamed [ 'grunt-google-cdn', '~0.2.0' ]
194 verbose addNamed [ null, '>=0.2.0-0 <0.3.0-0' ]
195 silly lockFile 9c4c1f15-grunt-google-cdn-0-2-0 grunt-google-cdn@~0.2.0
196 verbose lock grunt-google-cdn@~0.2.0 /home/seba-1511/.npm/9c4c1f15-grunt-google-cdn-0-2-0.lock
197 verbose cache add [ 'grunt-ngmin@~0.0.2', null ]
198 verbose cache add name=undefined spec="grunt-ngmin@~0.0.2" args=["grunt-ngmin@~0.0.2",null]
199 verbose parsed url { protocol: null,
199 verbose parsed url   slashes: null,
199 verbose parsed url   auth: null,
199 verbose parsed url   host: null,
199 verbose parsed url   port: null,
199 verbose parsed url   hostname: null,
199 verbose parsed url   hash: null,
199 verbose parsed url   search: null,
199 verbose parsed url   query: null,
199 verbose parsed url   pathname: 'grunt-ngmin@~0.0.2',
199 verbose parsed url   path: 'grunt-ngmin@~0.0.2',
199 verbose parsed url   href: 'grunt-ngmin@~0.0.2' }
200 verbose cache add name="grunt-ngmin" spec="~0.0.2" args=["grunt-ngmin","~0.0.2"]
201 verbose parsed url { protocol: null,
201 verbose parsed url   slashes: null,
201 verbose parsed url   auth: null,
201 verbose parsed url   host: null,
201 verbose parsed url   port: null,
201 verbose parsed url   hostname: null,
201 verbose parsed url   hash: null,
201 verbose parsed url   search: null,
201 verbose parsed url   query: null,
201 verbose parsed url   pathname: '~0.0.2',
201 verbose parsed url   path: '~0.0.2',
201 verbose parsed url   href: '~0.0.2' }
202 verbose addNamed [ 'grunt-ngmin', '~0.0.2' ]
203 verbose addNamed [ null, '>=0.0.2-0 <0.1.0-0' ]
204 silly lockFile 07f9ec83-grunt-ngmin-0-0-2 grunt-ngmin@~0.0.2
205 verbose lock grunt-ngmin@~0.0.2 /home/seba-1511/.npm/07f9ec83-grunt-ngmin-0-0-2.lock
206 verbose cache add [ 'time-grunt@~0.1.0', null ]
207 verbose cache add name=undefined spec="time-grunt@~0.1.0" args=["time-grunt@~0.1.0",null]
208 verbose parsed url { protocol: null,
208 verbose parsed url   slashes: null,
208 verbose parsed url   auth: null,
208 verbose parsed url   host: null,
208 verbose parsed url   port: null,
208 verbose parsed url   hostname: null,
208 verbose parsed url   hash: null,
208 verbose parsed url   search: null,
208 verbose parsed url   query: null,
208 verbose parsed url   pathname: 'time-grunt@~0.1.0',
208 verbose parsed url   path: 'time-grunt@~0.1.0',
208 verbose parsed url   href: 'time-grunt@~0.1.0' }
209 verbose cache add name="time-grunt" spec="~0.1.0" args=["time-grunt","~0.1.0"]
210 verbose parsed url { protocol: null,
210 verbose parsed url   slashes: null,
210 verbose parsed url   auth: null,
210 verbose parsed url   host: null,
210 verbose parsed url   port: null,
210 verbose parsed url   hostname: null,
210 verbose parsed url   hash: null,
210 verbose parsed url   search: null,
210 verbose parsed url   query: null,
210 verbose parsed url   pathname: '~0.1.0',
210 verbose parsed url   path: '~0.1.0',
210 verbose parsed url   href: '~0.1.0' }
211 verbose addNamed [ 'time-grunt', '~0.1.0' ]
212 verbose addNamed [ null, '>=0.1.0-0 <0.2.0-0' ]
213 silly lockFile 6fd5fc5c-time-grunt-0-1-0 time-grunt@~0.1.0
214 verbose lock time-grunt@~0.1.0 /home/seba-1511/.npm/6fd5fc5c-time-grunt-0-1-0.lock
215 silly addNameRange { name: 'grunt-contrib-cssmin',
215 silly addNameRange   range: '>=0.6.0-0 <0.7.0-0',
215 silly addNameRange   hasData: false }
216 silly addNameRange { name: 'grunt-contrib-connect',
216 silly addNameRange   range: '>=0.5.0-0 <0.6.0-0',
216 silly addNameRange   hasData: false }
217 silly addNameRange { name: 'grunt-contrib-clean',
217 silly addNameRange   range: '>=0.5.0-0 <0.6.0-0',
217 silly addNameRange   hasData: false }
218 silly addNameRange { name: 'grunt-contrib-htmlmin',
218 silly addNameRange   range: '>=0.1.3-0 <0.2.0-0',
218 silly addNameRange   hasData: false }
219 silly addNameRange { name: 'grunt-contrib-imagemin',
219 silly addNameRange   range: '>=0.2.0-0 <0.3.0-0',
219 silly addNameRange   hasData: false }
220 silly addNameRange { name: 'grunt-contrib-watch',
220 silly addNameRange   range: '>=0.5.2-0 <0.6.0-0',
220 silly addNameRange   hasData: false }
221 silly addNameRange { name: 'grunt-autoprefixer',
221 silly addNameRange   range: '>=0.2.0-0 <0.3.0-0',
221 silly addNameRange   hasData: false }
222 silly addNameRange { name: 'grunt-usemin',
222 silly addNameRange   range: '>=0.1.11-0 <0.2.0-0',
222 silly addNameRange   hasData: false }
223 silly addNameRange { name: 'grunt-svgmin',
223 silly addNameRange   range: '>=0.2.0-0 <0.3.0-0',
223 silly addNameRange   hasData: false }
224 silly addNameRange { name: 'grunt-rev',
224 silly addNameRange   range: '>=0.1.0-0 <0.2.0-0',
224 silly addNameRange   hasData: false }
225 silly addNameRange { name: 'grunt-concurrent',
225 silly addNameRange   range: '>=0.3.0-0 <0.4.0-0',
225 silly addNameRange   hasData: false }
226 silly addNameRange { name: 'load-grunt-tasks',
226 silly addNameRange   range: '>=0.1.0-0 <0.2.0-0',
226 silly addNameRange   hasData: false }
227 silly addNameRange { name: 'grunt-google-cdn',
227 silly addNameRange   range: '>=0.2.0-0 <0.3.0-0',
227 silly addNameRange   hasData: false }
228 silly addNameRange { name: 'grunt-ngmin',
228 silly addNameRange   range: '>=0.0.2-0 <0.1.0-0',
228 silly addNameRange   hasData: false }
229 silly addNameRange { name: 'time-grunt',
229 silly addNameRange   range: '>=0.1.0-0 <0.2.0-0',
229 silly addNameRange   hasData: false }
230 verbose url raw grunt
231 verbose url resolving [ 'https://registry.npmjs.org/', './grunt' ]
232 verbose url resolved https://registry.npmjs.org/grunt
233 info trying registry request attempt 1 at 20:37:52
234 verbose etag "406H1ZWCSKWECPGU7GH2FEJBY"
235 http GET https://registry.npmjs.org/grunt
236 verbose url raw grunt-contrib-copy
237 verbose url resolving [ 'https://registry.npmjs.org/', './grunt-contrib-copy' ]
238 verbose url resolved https://registry.npmjs.org/grunt-contrib-copy
239 info trying registry request attempt 1 at 20:37:52
240 verbose etag "O5TILD718JALFGOGBIA6LAB1"
241 http GET https://registry.npmjs.org/grunt-contrib-copy
242 verbose url raw grunt-contrib-concat
243 verbose url resolving [ 'https://registry.npmjs.org/', './grunt-contrib-concat' ]
244 verbose url resolved https://registry.npmjs.org/grunt-contrib-concat
245 info trying registry request attempt 1 at 20:37:52
246 verbose etag "C47O1YATV81DIGHN0WAP1UHGC"
247 http GET https://registry.npmjs.org/grunt-contrib-concat
248 verbose url raw grunt-contrib-coffee
249 verbose url resolving [ 'https://registry.npmjs.org/', './grunt-contrib-coffee' ]
250 verbose url resolved https://registry.npmjs.org/grunt-contrib-coffee
251 info trying registry request attempt 1 at 20:37:52
252 verbose etag "478HSK6SHCTWYMPZ8F2X441ZK"
253 http GET https://registry.npmjs.org/grunt-contrib-coffee
254 verbose url raw grunt-contrib-compass
255 verbose url resolving [ 'https://registry.npmjs.org/', './grunt-contrib-compass' ]
256 verbose url resolved https://registry.npmjs.org/grunt-contrib-compass
257 info trying registry request attempt 1 at 20:37:52
258 verbose etag "23FLEMIFRNI8JMSRPVE2JH8AA"
259 http GET https://registry.npmjs.org/grunt-contrib-compass
260 verbose url raw grunt-contrib-cssmin
261 verbose url resolving [ 'https://registry.npmjs.org/', './grunt-contrib-cssmin' ]
262 verbose url resolved https://registry.npmjs.org/grunt-contrib-cssmin
263 info trying registry request attempt 1 at 20:37:52
264 verbose etag "4CZM5HRME78Y6ZAQV6ZP9TO5P"
265 http GET https://registry.npmjs.org/grunt-contrib-cssmin
266 verbose url raw grunt-contrib-uglify
267 verbose url resolving [ 'https://registry.npmjs.org/', './grunt-contrib-uglify' ]
268 verbose url resolved https://registry.npmjs.org/grunt-contrib-uglify
269 info trying registry request attempt 1 at 20:37:52
270 verbose etag "4TXR29PVFYI9Q601175RPVN7Q"
271 http GET https://registry.npmjs.org/grunt-contrib-uglify
272 verbose url raw grunt-contrib-clean
273 verbose url resolving [ 'https://registry.npmjs.org/', './grunt-contrib-clean' ]
274 verbose url resolved https://registry.npmjs.org/grunt-contrib-clean
275 info trying registry request attempt 1 at 20:37:52
276 verbose etag "6KUGO55NVR6DEOUSLXDMA057B"
277 http GET https://registry.npmjs.org/grunt-contrib-clean
278 verbose url raw grunt-contrib-connect
279 verbose url resolving [ 'https://registry.npmjs.org/', './grunt-contrib-connect' ]
280 verbose url resolved https://registry.npmjs.org/grunt-contrib-connect
281 info trying registry request attempt 1 at 20:37:52
282 verbose etag "50NTEBO70LWH8L4KN7BSMMYRL"
283 http GET https://registry.npmjs.org/grunt-contrib-connect
284 verbose url raw grunt-contrib-htmlmin
285 verbose url resolving [ 'https://registry.npmjs.org/', './grunt-contrib-htmlmin' ]
286 verbose url resolved https://registry.npmjs.org/grunt-contrib-htmlmin
287 info trying registry request attempt 1 at 20:37:52
288 verbose etag "49F7HVK5L47YRE0S92JXER1VR"
289 http GET https://registry.npmjs.org/grunt-contrib-htmlmin
290 verbose url raw grunt-contrib-imagemin
291 verbose url resolving [ 'https://registry.npmjs.org/', './grunt-contrib-imagemin' ]
292 verbose url resolved https://registry.npmjs.org/grunt-contrib-imagemin
293 info trying registry request attempt 1 at 20:37:52
294 verbose etag "6C3JXCBM1VPD7F1NIMXTC8RIE"
295 http GET https://registry.npmjs.org/grunt-contrib-imagemin
296 verbose url raw grunt-autoprefixer
297 verbose url resolving [ 'https://registry.npmjs.org/', './grunt-autoprefixer' ]
298 verbose url resolved https://registry.npmjs.org/grunt-autoprefixer
299 info trying registry request attempt 1 at 20:37:52
300 verbose etag "DCQ6PNXJHVIWY19KFBDAQJ6UO"
301 http GET https://registry.npmjs.org/grunt-autoprefixer
302 verbose url raw grunt-contrib-jshint
303 verbose url resolving [ 'https://registry.npmjs.org/', './grunt-contrib-jshint' ]
304 verbose url resolved https://registry.npmjs.org/grunt-contrib-jshint
305 info trying registry request attempt 1 at 20:37:52
306 verbose etag "3KRY4YS9RP9EOMQ3R08BTK2OG"
307 http GET https://registry.npmjs.org/grunt-contrib-jshint
308 verbose url raw grunt-contrib-watch
309 verbose url resolving [ 'https://registry.npmjs.org/', './grunt-contrib-watch' ]
310 verbose url resolved https://registry.npmjs.org/grunt-contrib-watch
311 info trying registry request attempt 1 at 20:37:52
312 verbose etag "F3SCX1EUUZ60U9HQYJ8K51MBF"
313 http GET https://registry.npmjs.org/grunt-contrib-watch
314 verbose url raw grunt-usemin
315 verbose url resolving [ 'https://registry.npmjs.org/', './grunt-usemin' ]
316 verbose url resolved https://registry.npmjs.org/grunt-usemin
317 info trying registry request attempt 1 at 20:37:52
318 verbose etag "9EUM9V2BR0IJOJ1PY32T6SKK9"
319 http GET https://registry.npmjs.org/grunt-usemin
320 verbose url raw grunt-svgmin
321 verbose url resolving [ 'https://registry.npmjs.org/', './grunt-svgmin' ]
322 verbose url resolved https://registry.npmjs.org/grunt-svgmin
323 info trying registry request attempt 1 at 20:37:52
324 verbose etag "2SKG05VUY124UYLQWH4OEPMLB"
325 http GET https://registry.npmjs.org/grunt-svgmin
326 verbose url raw grunt-rev
327 verbose url resolving [ 'https://registry.npmjs.org/', './grunt-rev' ]
328 verbose url resolved https://registry.npmjs.org/grunt-rev
329 info trying registry request attempt 1 at 20:37:52
330 verbose etag "EXTI0HNZMLRFMTUL8QV2WOYIT"
331 http GET https://registry.npmjs.org/grunt-rev
332 verbose url raw load-grunt-tasks
333 verbose url resolving [ 'https://registry.npmjs.org/', './load-grunt-tasks' ]
334 verbose url resolved https://registry.npmjs.org/load-grunt-tasks
335 info trying registry request attempt 1 at 20:37:52
336 verbose etag "127NEHHRS8CN1X22I7Q1W6MD3"
337 http GET https://registry.npmjs.org/load-grunt-tasks
338 verbose url raw grunt-concurrent
339 verbose url resolving [ 'https://registry.npmjs.org/', './grunt-concurrent' ]
340 verbose url resolved https://registry.npmjs.org/grunt-concurrent
341 info trying registry request attempt 1 at 20:37:52
342 verbose etag "14PLWKBR647ILLL6HVHAHSFLX"
343 http GET https://registry.npmjs.org/grunt-concurrent
344 verbose url raw grunt-ngmin
345 verbose url resolving [ 'https://registry.npmjs.org/', './grunt-ngmin' ]
346 verbose url resolved https://registry.npmjs.org/grunt-ngmin
347 info trying registry request attempt 1 at 20:37:52
348 verbose etag "89HQBGANAMQO9YKHGZ76IUMSU"
349 http GET https://registry.npmjs.org/grunt-ngmin
350 verbose url raw grunt-google-cdn
351 verbose url resolving [ 'https://registry.npmjs.org/', './grunt-google-cdn' ]
352 verbose url resolved https://registry.npmjs.org/grunt-google-cdn
353 info trying registry request attempt 1 at 20:37:52
354 verbose etag "53Z6BDB6W8FXLZZT77Q8NZCF7"
355 http GET https://registry.npmjs.org/grunt-google-cdn
356 verbose url raw time-grunt
357 verbose url resolving [ 'https://registry.npmjs.org/', './time-grunt' ]
358 verbose url resolved https://registry.npmjs.org/time-grunt
359 info trying registry request attempt 1 at 20:37:52
360 verbose etag "2K3D3SMSSTKY5GC3I6LYAJF8L"
361 http GET https://registry.npmjs.org/time-grunt
362 http 200 https://registry.npmjs.org/grunt-contrib-copy
363 silly registry.get cb [ 200,
363 silly registry.get   { vary: 'Accept',
363 silly registry.get     server: 'CouchDB/1.3.1 (Erlang OTP/R15B03)',
363 silly registry.get     etag: '"2LMDHS8BQTS0Q86UPKZVPY0EB"',
363 silly registry.get     date: 'Mon, 23 Dec 2013 19:37:53 GMT',
363 silly registry.get     'content-type': 'application/json',
363 silly registry.get     'content-length': '56632' } ]
364 silly addNameRange number 2 { name: 'grunt-contrib-copy',
364 silly addNameRange   range: '>=0.4.1-0 <0.5.0-0',
364 silly addNameRange   hasData: true }
365 silly addNameRange versions [ 'grunt-contrib-copy',
365 silly addNameRange   [ '0.2.0',
365 silly addNameRange     '0.2.1',
365 silly addNameRange     '0.2.2',
365 silly addNameRange     '0.2.3',
365 silly addNameRange     '0.2.4',
365 silly addNameRange     '0.3.0',
365 silly addNameRange     '0.3.1',
365 silly addNameRange     '0.3.2',
365 silly addNameRange     '0.4.0',
365 silly addNameRange     '0.4.1',
365 silly addNameRange     '0.4.0-rc7' ] ]
366 verbose addNamed [ 'grunt-contrib-copy', '0.4.1' ]
367 verbose addNamed [ '0.4.1', '0.4.1' ]
368 silly lockFile 4dbab511-grunt-contrib-copy-0-4-1 grunt-contrib-copy@0.4.1
369 verbose lock grunt-contrib-copy@0.4.1 /home/seba-1511/.npm/4dbab511-grunt-contrib-copy-0-4-1.lock
370 silly lockFile 4dbab511-grunt-contrib-copy-0-4-1 grunt-contrib-copy@0.4.1
371 silly lockFile 4dbab511-grunt-contrib-copy-0-4-1 grunt-contrib-copy@0.4.1
372 silly lockFile c84f658a-grunt-contrib-copy-0-4-1 grunt-contrib-copy@~0.4.1
373 silly lockFile c84f658a-grunt-contrib-copy-0-4-1 grunt-contrib-copy@~0.4.1
374 http 200 https://registry.npmjs.org/grunt-contrib-coffee
375 silly registry.get cb [ 200,
375 silly registry.get   { vary: 'Accept',
375 silly registry.get     server: 'CouchDB/1.3.1 (Erlang OTP/R15B03)',
375 silly registry.get     etag: '"DU0KVYPA6GQV0RZ34QSGUHLO8"',
375 silly registry.get     date: 'Mon, 23 Dec 2013 19:37:53 GMT',
375 silly registry.get     'content-type': 'application/json',
375 silly registry.get     'content-length': '93254' } ]
376 silly addNameRange number 2 { name: 'grunt-contrib-coffee',
376 silly addNameRange   range: '>=0.7.0-0 <0.8.0-0',
376 silly addNameRange   hasData: true }
377 silly addNameRange versions [ 'grunt-contrib-coffee',
377 silly addNameRange   [ '0.2.0',
377 silly addNameRange     '0.3.0',
377 silly addNameRange     '0.3.1',
377 silly addNameRange     '0.3.2',
377 silly addNameRange     '0.4.0',
377 silly addNameRange     '0.5.0',
377 silly addNameRange     '0.6.0',
377 silly addNameRange     '0.6.1',
377 silly addNameRange     '0.6.2',
377 silly addNameRange     '0.6.3',
377 silly addNameRange     '0.6.4',
377 silly addNameRange     '0.6.5',
377 silly addNameRange     '0.6.6',
377 silly addNameRange     '0.6.7',
377 silly addNameRange     '0.7.0',
377 silly addNameRange     '0.4.0-rc7' ] ]
378 verbose addNamed [ 'grunt-contrib-coffee', '0.7.0' ]
379 verbose addNamed [ '0.7.0', '0.7.0' ]
380 silly lockFile a82ca7a6-grunt-contrib-coffee-0-7-0 grunt-contrib-coffee@0.7.0
381 verbose lock grunt-contrib-coffee@0.7.0 /home/seba-1511/.npm/a82ca7a6-grunt-contrib-coffee-0-7-0.lock
382 silly lockFile a82ca7a6-grunt-contrib-coffee-0-7-0 grunt-contrib-coffee@0.7.0
383 silly lockFile a82ca7a6-grunt-contrib-coffee-0-7-0 grunt-contrib-coffee@0.7.0
384 silly lockFile 2d9311bb-grunt-contrib-coffee-0-7-0 grunt-contrib-coffee@~0.7.0
385 silly lockFile 2d9311bb-grunt-contrib-coffee-0-7-0 grunt-contrib-coffee@~0.7.0
386 http 200 https://registry.npmjs.org/grunt-contrib-cssmin
387 silly registry.get cb [ 200,
387 silly registry.get   { vary: 'Accept',
387 silly registry.get     server: 'CouchDB/1.3.1 (Erlang OTP/R15B03)',
387 silly registry.get     etag: '"YPO8I5V2DJ609IKHFJFT1VPC"',
387 silly registry.get     date: 'Mon, 23 Dec 2013 19:37:54 GMT',
387 silly registry.get     'content-type': 'application/json',
387 silly registry.get     'content-length': '45854' } ]
388 http 200 https://registry.npmjs.org/grunt-contrib-concat
389 silly registry.get cb [ 200,
389 silly registry.get   { vary: 'Accept',
389 silly registry.get     server: 'CouchDB/1.3.1 (Erlang OTP/R15B03)',
389 silly registry.get     etag: '"AVB2S2DE9IWXPCGNCMD5X3B0Y"',
389 silly registry.get     date: 'Mon, 23 Dec 2013 19:37:53 GMT',
389 silly registry.get     'content-type': 'application/json',
389 silly registry.get     'content-length': '88709' } ]
390 silly addNameRange number 2 { name: 'grunt-contrib-cssmin',
390 silly addNameRange   range: '>=0.6.0-0 <0.7.0-0',
390 silly addNameRange   hasData: true }
391 silly addNameRange versions [ 'grunt-contrib-cssmin',
391 silly addNameRange   [ '0.4.0',
391 silly addNameRange     '0.4.1',
391 silly addNameRange     '0.4.2',
391 silly addNameRange     '0.5.0',
391 silly addNameRange     '0.6.0',
391 silly addNameRange     '0.6.1',
391 silly addNameRange     '0.6.2',
391 silly addNameRange     '0.7.0' ] ]
392 verbose addNamed [ 'grunt-contrib-cssmin', '0.6.2' ]
393 verbose addNamed [ '0.6.2', '0.6.2' ]
394 silly lockFile 5585f5d7-grunt-contrib-cssmin-0-6-2 grunt-contrib-cssmin@0.6.2
395 verbose lock grunt-contrib-cssmin@0.6.2 /home/seba-1511/.npm/5585f5d7-grunt-contrib-cssmin-0-6-2.lock
396 silly addNameRange number 2 { name: 'grunt-contrib-concat',
396 silly addNameRange   range: '>=0.3.0-0 <0.4.0-0',
396 silly addNameRange   hasData: true }
397 silly addNameRange versions [ 'grunt-contrib-concat',
397 silly addNameRange   [ '0.1.0',
397 silly addNameRange     '0.1.1',
397 silly addNameRange     '0.1.2',
397 silly addNameRange     '0.1.3',
397 silly addNameRange     '0.2.0',
397 silly addNameRange     '0.3.0',
397 silly addNameRange     '0.1.2-rc5',
397 silly addNameRange     '0.1.2-rc6' ] ]
398 verbose addNamed [ 'grunt-contrib-concat', '0.3.0' ]
399 verbose addNamed [ '0.3.0', '0.3.0' ]
400 silly lockFile 11d10dc6-grunt-contrib-concat-0-3-0 grunt-contrib-concat@0.3.0
401 verbose lock grunt-contrib-concat@0.3.0 /home/seba-1511/.npm/11d10dc6-grunt-contrib-concat-0-3-0.lock
402 silly lockFile 5585f5d7-grunt-contrib-cssmin-0-6-2 grunt-contrib-cssmin@0.6.2
403 silly lockFile 5585f5d7-grunt-contrib-cssmin-0-6-2 grunt-contrib-cssmin@0.6.2
404 silly lockFile 681ad0ec-grunt-contrib-cssmin-0-6-0 grunt-contrib-cssmin@~0.6.0
405 silly lockFile 681ad0ec-grunt-contrib-cssmin-0-6-0 grunt-contrib-cssmin@~0.6.0
406 silly lockFile 11d10dc6-grunt-contrib-concat-0-3-0 grunt-contrib-concat@0.3.0
407 silly lockFile 11d10dc6-grunt-contrib-concat-0-3-0 grunt-contrib-concat@0.3.0
408 silly lockFile 0e44e68e-grunt-contrib-concat-0-3-0 grunt-contrib-concat@~0.3.0
409 silly lockFile 0e44e68e-grunt-contrib-concat-0-3-0 grunt-contrib-concat@~0.3.0
410 http 200 https://registry.npmjs.org/grunt-contrib-compass
411 silly registry.get cb [ 200,
411 silly registry.get   { vary: 'Accept',
411 silly registry.get     server: 'CouchDB/1.3.1 (Erlang OTP/R15B03)',
411 silly registry.get     etag: '"9FPTSEXYA1IDLCGASC6Z68ZDV"',
411 silly registry.get     date: 'Mon, 23 Dec 2013 19:37:53 GMT',
411 silly registry.get     'content-type': 'application/json',
411 silly registry.get     'content-length': '142878' } ]
412 silly addNameRange number 2 { name: 'grunt-contrib-compass',
412 silly addNameRange   range: '>=0.5.0-0 <0.6.0-0',
412 silly addNameRange   hasData: true }
413 silly addNameRange versions [ 'grunt-contrib-compass',
413 silly addNameRange   [ '0.1.0',
413 silly addNameRange     '0.1.1',
413 silly addNameRange     '0.1.2',
413 silly addNameRange     '0.1.3',
413 silly addNameRange     '0.2.0',
413 silly addNameRange     '0.3.0',
413 silly addNameRange     '0.4.0',
413 silly addNameRange     '0.4.1',
413 silly addNameRange     '0.5.0',
413 silly addNameRange     '0.6.0',
413 silly addNameRange     '0.7.0',
413 silly addNameRange     '0.1.1-rc7',
413 silly addNameRange     '0.1.1-rc8' ] ]
414 verbose addNamed [ 'grunt-contrib-compass', '0.5.0' ]
415 verbose addNamed [ '0.5.0', '0.5.0' ]
416 silly lockFile b13cf9fb-grunt-contrib-compass-0-5-0 grunt-contrib-compass@0.5.0
417 verbose lock grunt-contrib-compass@0.5.0 /home/seba-1511/.npm/b13cf9fb-grunt-contrib-compass-0-5-0.lock
418 silly lockFile b13cf9fb-grunt-contrib-compass-0-5-0 grunt-contrib-compass@0.5.0
419 silly lockFile b13cf9fb-grunt-contrib-compass-0-5-0 grunt-contrib-compass@0.5.0
420 silly lockFile 5f76fad9-grunt-contrib-compass-0-5-0 grunt-contrib-compass@~0.5.0
421 silly lockFile 5f76fad9-grunt-contrib-compass-0-5-0 grunt-contrib-compass@~0.5.0
422 http 200 https://registry.npmjs.org/grunt-contrib-clean
423 silly registry.get cb [ 200,
423 silly registry.get   { vary: 'Accept',
423 silly registry.get     server: 'CouchDB/1.3.1 (Erlang OTP/R15B03)',
423 silly registry.get     etag: '"54N87QUHIGJ6CM6HS5LD31ZKR"',
423 silly registry.get     date: 'Mon, 23 Dec 2013 19:37:54 GMT',
423 silly registry.get     'content-type': 'application/json',
423 silly registry.get     'content-length': '43429' } ]
424 silly addNameRange number 2 { name: 'grunt-contrib-clean',
424 silly addNameRange   range: '>=0.5.0-0 <0.6.0-0',
424 silly addNameRange   hasData: true }
425 silly addNameRange versions [ 'grunt-contrib-clean',
425 silly addNameRange   [ '0.1.0',
425 silly addNameRange     '0.2.0',
425 silly addNameRange     '0.3.0',
425 silly addNameRange     '0.3.1',
425 silly addNameRange     '0.3.2',
425 silly addNameRange     '0.4.0',
425 silly addNameRange     '0.4.1',
425 silly addNameRange     '0.5.0',
425 silly addNameRange     '0.4.0-a',
425 silly addNameRange     '0.4.0-rc5',
425 silly addNameRange     '0.4.0-rc6' ] ]
426 verbose addNamed [ 'grunt-contrib-clean', '0.5.0' ]
427 verbose addNamed [ '0.5.0', '0.5.0' ]
428 silly lockFile 9e0b1814-grunt-contrib-clean-0-5-0 grunt-contrib-clean@0.5.0
429 verbose lock grunt-contrib-clean@0.5.0 /home/seba-1511/.npm/9e0b1814-grunt-contrib-clean-0-5-0.lock
430 silly lockFile 9e0b1814-grunt-contrib-clean-0-5-0 grunt-contrib-clean@0.5.0
431 silly lockFile 9e0b1814-grunt-contrib-clean-0-5-0 grunt-contrib-clean@0.5.0
432 silly lockFile 83f743bc-grunt-contrib-clean-0-5-0 grunt-contrib-clean@~0.5.0
433 silly lockFile 83f743bc-grunt-contrib-clean-0-5-0 grunt-contrib-clean@~0.5.0
434 http 200 https://registry.npmjs.org/grunt
435 silly registry.get cb [ 200,
435 silly registry.get   { vary: 'Accept',
435 silly registry.get     server: 'CouchDB/1.3.1 (Erlang OTP/R15B03)',
435 silly registry.get     etag: '"6JYGZB5W20D0S5N0AZQH40IFA"',
435 silly registry.get     date: 'Mon, 23 Dec 2013 19:37:53 GMT',
435 silly registry.get     'content-type': 'application/json',
435 silly registry.get     'content-length': '217600' } ]
436 http 200 https://registry.npmjs.org/grunt-contrib-htmlmin
437 silly registry.get cb [ 200,
437 silly registry.get   { vary: 'Accept',
437 silly registry.get     server: 'CouchDB/1.3.1 (Erlang OTP/R15B03)',
437 silly registry.get     etag: '"56C4X1ENPVUBYW0KQQM844LCH"',
437 silly registry.get     date: 'Mon, 23 Dec 2013 19:37:55 GMT',
437 silly registry.get     'content-type': 'application/json',
437 silly registry.get     'content-length': '13431' } ]
438 silly addNameRange number 2 { name: 'grunt-contrib-htmlmin',
438 silly addNameRange   range: '>=0.1.3-0 <0.2.0-0',
438 silly addNameRange   hasData: true }
439 silly addNameRange versions [ 'grunt-contrib-htmlmin',
439 silly addNameRange   [ '0.1.0', '0.1.1', '0.1.2', '0.1.3', '0.1.1-rc7' ] ]
440 verbose addNamed [ 'grunt-contrib-htmlmin', '0.1.3' ]
441 verbose addNamed [ '0.1.3', '0.1.3' ]
442 silly lockFile 613772ee-grunt-contrib-htmlmin-0-1-3 grunt-contrib-htmlmin@0.1.3
443 verbose lock grunt-contrib-htmlmin@0.1.3 /home/seba-1511/.npm/613772ee-grunt-contrib-htmlmin-0-1-3.lock
444 silly addNameRange number 2 { name: 'grunt', range: '>=0.4.1-0 <0.5.0-0', hasData: true }
445 silly addNameRange versions [ 'grunt',
445 silly addNameRange   [ '0.1.0',
445 silly addNameRange     '0.1.1',
445 silly addNameRange     '0.1.2',
445 silly addNameRange     '0.2.0',
445 silly addNameRange     '0.2.1',
445 silly addNameRange     '0.2.2',
445 silly addNameRange     '0.2.3',
445 silly addNameRange     '0.2.4',
445 silly addNameRange     '0.2.5',
445 silly addNameRange     '0.2.6',
445 silly addNameRange     '0.2.7',
445 silly addNameRange     '0.2.8',
445 silly addNameRange     '0.2.9',
445 silly addNameRange     '0.2.10',
445 silly addNameRange     '0.2.11',
445 silly addNameRange     '0.2.12',
445 silly addNameRange     '0.2.13',
445 silly addNameRange     '0.2.14',
445 silly addNameRange     '0.2.15',
445 silly addNameRange     '0.3.0',
445 silly addNameRange     '0.3.1',
445 silly addNameRange     '0.3.2',
445 silly addNameRange     '0.3.3',
445 silly addNameRange     '0.3.4',
445 silly addNameRange     '0.3.5',
445 silly addNameRange     '0.3.6',
445 silly addNameRange     '0.3.7',
445 silly addNameRange     '0.3.8',
445 silly addNameRange     '0.3.9',
445 silly addNameRange     '0.3.10',
445 silly addNameRange     '0.3.11',
445 silly addNameRange     '0.3.12',
445 silly addNameRange     '0.3.13',
445 silly addNameRange     '0.3.14',
445 silly addNameRange     '0.3.15',
445 silly addNameRange     '0.3.16',
445 silly addNameRange     '0.3.17',
445 silly addNameRange     '0.4.0',
445 silly addNameRange     '0.4.1',
445 silly addNameRange     '0.4.2',
445 silly addNameRange     '0.3.13-a',
445 silly addNameRange     '0.4.0-a',
445 silly addNameRange     '0.4.0-rc1',
445 silly addNameRange     '0.4.0-rc2',
445 silly addNameRange     '0.4.0-rc3',
445 silly addNameRange     '0.4.0-rc4',
445 silly addNameRange     '0.4.0-rc5',
445 silly addNameRange     '0.4.0-rc6',
445 silly addNameRange     '0.4.0-rc7',
445 silly addNameRange     '0.4.0-rc8' ] ]
446 verbose addNamed [ 'grunt', '0.4.2' ]
447 verbose addNamed [ '0.4.2', '0.4.2' ]
448 silly lockFile 1a580867-grunt-0-4-2 grunt@0.4.2
449 verbose lock grunt@0.4.2 /home/seba-1511/.npm/1a580867-grunt-0-4-2.lock
450 silly lockFile 2080d0d9--npmjs-org-grunt-grunt-0-4-2-tgz https://registry.npmjs.org/grunt/-/grunt-0.4.2.tgz
451 verbose lock https://registry.npmjs.org/grunt/-/grunt-0.4.2.tgz /home/seba-1511/.npm/2080d0d9--npmjs-org-grunt-grunt-0-4-2-tgz.lock
452 verbose addRemoteTarball [ 'https://registry.npmjs.org/grunt/-/grunt-0.4.2.tgz',
452 verbose addRemoteTarball   '895b4f28a6102bffd41d365a65e8be2d6a293d93' ]
453 silly lockFile 2080d0d9--npmjs-org-grunt-grunt-0-4-2-tgz https://registry.npmjs.org/grunt/-/grunt-0.4.2.tgz
454 silly lockFile 2080d0d9--npmjs-org-grunt-grunt-0-4-2-tgz https://registry.npmjs.org/grunt/-/grunt-0.4.2.tgz
455 silly lockFile 1a580867-grunt-0-4-2 grunt@0.4.2
456 silly lockFile 1a580867-grunt-0-4-2 grunt@0.4.2
457 silly lockFile 766a3bd3-grunt-0-4-1 grunt@~0.4.1
458 silly lockFile 766a3bd3-grunt-0-4-1 grunt@~0.4.1
459 error Error: EACCES, mkdir '/home/seba-1511/tmp/npm-3768-JooRodb4'
459 error  { [Error: EACCES, mkdir '/home/seba-1511/tmp/npm-3768-JooRodb4']
459 error   errno: 3,
459 error   code: 'EACCES',
459 error   path: '/home/seba-1511/tmp/npm-3768-JooRodb4' }
460 error Please try running this command again as root/Administrator.
461 error System Linux 3.5.2-030502-generic
462 error command "/usr/bin/node" "/usr/bin/npm" "install"
463 error cwd /opt/lampp/htdocs/team-frontend
464 error node -v v0.10.22
465 error npm -v 1.3.14
466 error path /home/seba-1511/tmp/npm-3768-JooRodb4
467 error code EACCES
468 error errno 3
469 error stack Error: EACCES, mkdir '/home/seba-1511/tmp/npm-3768-JooRodb4'
470 verbose exit [ 3, true ]
